[2025-06-21T13:26:47.049Z] ❌ Access token error: ENOENT: no such file or directory, open 'D:\Projects\cherrfy-ecommerce\api\features\token\token.json'
[2025-06-21T13:38:11.183Z] ❌ Error: Cannot destructure property 'product_id' of 'req.body' as it is undefined.
[2025-06-21T13:38:37.873Z] ❌ Error: Cannot destructure property 'product_id' of 'req.body' as it is undefined.
[2025-06-21T13:40:00.750Z] ❌ Error: Cannot destructure property 'product_id' of 'req.body' as it is undefined.
[2025-06-21T13:40:04.061Z] ❌ Error: Cannot destructure property 'product_id' of 'req.body' as it is undefined.
[2025-06-21T13:40:25.026Z] ❌ Error: Cannot destructure property 'product_id' of 'req.body' as it is undefined.
[2025-06-21T13:40:36.298Z] ❌ Error: Cannot destructure property 'product_id' of 'req.body' as it is undefined.
[2025-06-21T13:41:38.780Z] ❌ Error: Cannot destructure property 'product_id' of 'req.body' as it is undefined.
[2025-06-21T13:42:01.996Z] ❌ Error: Cannot destructure property 'product_id' of 'req.body' as it is undefined.
[2025-06-21T13:42:27.112Z] ❌ Missing POST param: country
[2025-06-21T13:44:17.120Z] ❌ Missing POST param: sku_id
[2025-06-21T13:44:40.261Z] ⚠️ No delivery options for quantity 4
[2025-06-21T13:44:40.262Z] ⚠️ No delivery options for quantity 10
[2025-06-21T13:44:40.263Z] ⚠️ No delivery options for quantity 2
[2025-06-21T13:44:40.263Z] ⚠️ No delivery options for quantity 5
[2025-06-21T13:44:40.264Z] ⚠️ No delivery options for quantity 3
[2025-06-21T13:44:40.265Z] ⚠️ No delivery options for quantity 8
[2025-06-21T13:44:40.265Z] ⚠️ No delivery options for quantity 1
[2025-06-21T13:44:40.273Z] ⚠️ No delivery options for quantity 6
[2025-06-21T13:44:40.275Z] ⚠️ No delivery options for quantity 7
[2025-06-21T13:44:40.277Z] ⚠️ No delivery options for quantity 12
[2025-06-21T13:44:40.278Z] ⚠️ No delivery options for quantity 11
[2025-06-21T13:44:40.357Z] ⚠️ No delivery options for quantity 9
[2025-06-21T13:44:40.359Z] ✅ 100 freight calls completed in 0.663s
[2025-06-21T13:45:39.776Z] ✅ 100 freight calls completed in 1.726s
[2025-06-21T13:47:34.935Z] ❌ Missing POST param: quantity
[2025-06-21T13:47:50.013Z] ✅ Freight fetched for quantity 1 in 0.742s
[2025-06-21T13:48:03.401Z] ✅ Freight fetched for quantity 6 in 0.643s
[2025-06-21T13:48:13.961Z] ❌ Invalid quantity: 44
[2025-06-21T13:48:21.557Z] ✅ Freight fetched for quantity 12 in 0.72s
[2025-06-22T09:52:18.668Z] ✅ Freight fetched for quantity 12 in 1.408s
[2025-06-22T09:53:41.219Z] ❌ Error: Cannot destructure property 'product_id' of 'req.body' as it is undefined.
[2025-06-22T09:53:41.842Z] ❌ Error: Cannot destructure property 'product_id' of 'req.body' as it is undefined.
[2025-06-22T09:55:16.159Z] ❌ Error: Cannot destructure property 'product_id' of 'req.body' as it is undefined.
[2025-06-22T09:55:17.046Z] ❌ Error: Cannot destructure property 'product_id' of 'req.body' as it is undefined.
[2025-06-22T09:55:48.872Z] ❌ Error: Cannot destructure property 'product_id' of 'req.body' as it is undefined.
[2025-06-22T09:56:25.915Z] ❌ Error: Cannot destructure property 'product_id' of 'req.body' as it is undefined.
[2025-06-22T09:56:26.323Z] ❌ Error: Cannot destructure property 'product_id' of 'req.body' as it is undefined.
[2025-06-22T09:57:07.052Z] ✅ Freight fetched for quantity 1 in 1.088s
[2025-06-22T09:57:07.110Z] ✅ Freight fetched for quantity 1 in 0.605s
[2025-06-22T10:04:57.448Z] ✅ Freight fetched for quantity 2 in 1.275s
[2025-06-22T10:04:58.996Z] ✅ Freight fetched for quantity 3 in 0.562s
[2025-06-22T10:05:01.409Z] ✅ Freight fetched for quantity 4 in 0.594s
[2025-06-22T10:05:02.875Z] ✅ Freight fetched for quantity 5 in 0.612s
[2025-06-22T10:05:04.075Z] ✅ Freight fetched for quantity 6 in 0.537s
[2025-06-22T10:05:05.300Z] ✅ Freight fetched for quantity 7 in 0.621s
[2025-06-22T10:05:06.560Z] ✅ Freight fetched for quantity 8 in 0.621s
[2025-06-22T10:05:14.273Z] ✅ Freight fetched for quantity 9 in 0.574s
[2025-06-22T10:05:16.066Z] ✅ Freight fetched for quantity 10 in 0.784s
[2025-06-22T10:05:16.771Z] ✅ Freight fetched for quantity 11 in 0.592s
[2025-06-22T10:05:18.033Z] ✅ Freight fetched for quantity 12 in 0.827s
[2025-06-22T10:05:18.374Z] ❌ Invalid quantity: 13
[2025-06-22T10:05:20.796Z] ✅ Freight fetched for quantity 12 in 0.608s
[2025-06-22T10:05:23.062Z] ❌ Invalid quantity: 13
[2025-06-22T10:05:24.694Z] ✅ Freight fetched for quantity 12 in 0.594s
[2025-06-22T10:06:11.665Z] ✅ Freight fetched for quantity 11 in 0.66s
[2025-06-22T10:06:11.940Z] ✅ Freight fetched for quantity 10 in 0.592s
[2025-06-22T10:06:12.098Z] ✅ Freight fetched for quantity 9 in 0.579s
[2025-06-22T10:06:12.266Z] ✅ Freight fetched for quantity 8 in 0.587s
[2025-06-22T10:06:12.388Z] ✅ Freight fetched for quantity 7 in 0.549s
[2025-06-22T10:06:12.542Z] ✅ Freight fetched for quantity 6 in 0.546s
[2025-06-22T10:06:12.747Z] ✅ Freight fetched for quantity 5 in 0.589s
[2025-06-22T10:06:13.024Z] ✅ Freight fetched for quantity 3 in 0.563s
[2025-06-22T10:06:13.184Z] ✅ Freight fetched for quantity 2 in 0.57s
[2025-06-22T10:06:13.319Z] ✅ Freight fetched for quantity 1 in 0.547s
[2025-06-22T10:06:13.866Z] ✅ Freight fetched for quantity 4 in 1.556s
[2025-06-22T10:06:18.315Z] ✅ Freight fetched for quantity 2 in 0.671s
[2025-06-22T10:06:19.579Z] ✅ Freight fetched for quantity 1 in 0.651s
[2025-06-22T10:06:22.497Z] ✅ Freight fetched for quantity 2 in 0.575s
[2025-06-22T10:06:23.647Z] ✅ Freight fetched for quantity 1 in 0.557s
[2025-06-22T10:09:31.776Z] ✅ Freight fetched for quantity 2 in 0.609s
[2025-06-22T10:09:34.674Z] ✅ Freight fetched for quantity 1 in 0.613s
[2025-06-22T10:09:51.381Z] ✅ Freight fetched for quantity 1 in 0.594s
[2025-06-22T10:09:51.690Z] ✅ Freight fetched for quantity 1 in 0.628s
[2025-06-22T10:10:18.748Z] ✅ Freight fetched for quantity 2 in 0.967s
[2025-06-22T10:10:20.101Z] ✅ Freight fetched for quantity 3 in 0.584s
[2025-06-22T10:10:22.285Z] ✅ Freight fetched for quantity 4 in 0.565s
[2025-06-22T10:10:23.322Z] ✅ Freight fetched for quantity 5 in 0.813s
[2025-06-22T10:10:24.029Z] ✅ Freight fetched for quantity 6 in 0.58s
[2025-06-22T10:10:24.715Z] ✅ Freight fetched for quantity 7 in 0.524s
[2025-06-22T10:10:26.073Z] ✅ Freight fetched for quantity 8 in 0.57s
[2025-06-22T10:10:33.083Z] ✅ Freight fetched for quantity 1 in 0.609s
[2025-06-22T10:10:33.238Z] ✅ Freight fetched for quantity 1 in 0.584s
[2025-06-22T10:10:35.840Z] ✅ Freight fetched for quantity 2 in 0.584s
[2025-06-22T10:16:21.684Z] ✅ Freight fetched for quantity 1 in 0.857s
[2025-06-22T10:17:01.864Z] ✅ Freight fetched for quantity 2 in 0.617s
[2025-06-22T10:17:07.038Z] ✅ Freight fetched for quantity 1 in 0.667s
[2025-06-22T10:17:48.176Z] ✅ Freight fetched for quantity 2 in 0.68s
[2025-06-22T10:17:49.587Z] ✅ Freight fetched for quantity 3 in 0.576s
[2025-06-22T10:17:51.040Z] ✅ Freight fetched for quantity 4 in 0.737s
[2025-06-22T10:17:53.588Z] ✅ Freight fetched for quantity 5 in 0.601s
[2025-06-22T10:17:55.420Z] ✅ Freight fetched for quantity 6 in 0.748s
[2025-06-22T10:18:00.824Z] ✅ Freight fetched for quantity 6 in 0.638s
[2025-06-22T10:18:01.195Z] ✅ Freight fetched for quantity 1 in 0.573s
[2025-06-22T10:18:04.561Z] ✅ Freight fetched for quantity 2 in 0.621s
[2025-06-22T10:22:55.256Z] ✅ Freight fetched for quantity 1 in 0.935s
[2025-06-22T10:23:09.779Z] ✅ Freight fetched for quantity 1 in 0.766s
[2025-06-22T10:23:10.022Z] ✅ Freight fetched for quantity 1 in 0.589s
[2025-06-22T10:24:10.276Z] ✅ Freight fetched for quantity 1 in 0.629s
[2025-06-22T10:24:10.611Z] ✅ Freight fetched for quantity 1 in 0.731s
[2025-06-22T10:26:03.449Z] ✅ Freight fetched for quantity 1 in 0.376s
[2025-06-22T10:26:03.766Z] ✅ Freight fetched for quantity 1 in 0.264s
[2025-06-22T10:26:32.934Z] ✅ Freight fetched for quantity 2 in 0.279s
[2025-06-22T10:26:34.113Z] ✅ Freight fetched for quantity 3 in 0.263s
[2025-06-22T10:26:43.128Z] ✅ Freight fetched for quantity 1 in 0.296s
[2025-06-22T10:26:43.322Z] ✅ Freight fetched for quantity 1 in 0.337s
[2025-06-22T10:26:45.186Z] ✅ Freight fetched for quantity 2 in 0.257s
[2025-06-22T10:26:46.152Z] ✅ Freight fetched for quantity 3 in 0.283s
[2025-06-22T10:26:47.549Z] ✅ Freight fetched for quantity 4 in 0.28s
[2025-06-22T10:26:48.482Z] ✅ Freight fetched for quantity 5 in 0.28s
[2025-06-22T10:26:49.383Z] ✅ Freight fetched for quantity 6 in 0.27s
[2025-06-22T10:27:15.258Z] ✅ Freight fetched for quantity 7 in 0.306s
[2025-06-22T10:27:27.289Z] ✅ Freight fetched for quantity 1 in 0.651s
[2025-06-22T10:27:27.671Z] ✅ Freight fetched for quantity 1 in 0.585s
[2025-06-22T10:27:37.781Z] ✅ Freight fetched for quantity 2 in 0.578s
[2025-06-22T10:29:05.970Z] ✅ Freight fetched for quantity 3 in 0.916s
[2025-06-22T10:29:07.460Z] ✅ Freight fetched for quantity 4 in 0.614s
[2025-06-22T10:29:20.015Z] ✅ Freight fetched for quantity 1 in 0.603s
[2025-06-22T10:29:20.275Z] ✅ Freight fetched for quantity 1 in 0.607s
[2025-06-22T10:29:50.162Z] ✅ Freight fetched for quantity 1 in 0.726s
[2025-06-22T10:29:50.228Z] ✅ Freight fetched for quantity 1 in 0.547s
[2025-06-22T10:29:57.776Z] ✅ Freight fetched for quantity 2 in 0.606s
[2025-06-22T10:29:59.985Z] ✅ Freight fetched for quantity 1 in 0.577s
[2025-06-22T10:30:01.667Z] ✅ Freight fetched for quantity 2 in 0.6s
[2025-06-22T10:30:03.790Z] ❌ Invalid quantity: 45
[2025-06-22T10:30:04.150Z] ✅ Freight fetched for quantity 4 in 0.59s
[2025-06-22T10:30:20.606Z] ✅ Freight fetched for quantity 1 in 0.29s
[2025-06-22T10:30:20.863Z] ✅ Freight fetched for quantity 1 in 0.269s
[2025-06-22T10:30:29.036Z] ✅ Freight fetched for quantity 1 in 0.606s
[2025-06-22T10:30:29.260Z] ✅ Freight fetched for quantity 1 in 0.57s
[2025-06-22T10:32:00.635Z] ✅ Freight fetched for quantity 12 in 0.638s
[2025-06-22T10:32:10.717Z] ✅ Freight fetched for quantity 1 in 0.646s
[2025-06-22T10:33:38.834Z] ✅ Freight fetched for quantity 1 in 0.585s
[2025-06-22T10:33:38.885Z] ✅ Freight fetched for quantity 1 in 0.631s
[2025-06-22T10:34:28.582Z] ✅ Freight fetched for quantity 1 in 0.596s
[2025-06-22T10:34:30.313Z] ✅ Freight fetched for quantity 1 in 0.61s
[2025-06-22T10:34:32.184Z] ✅ Freight fetched for quantity 1 in 0.622s
[2025-06-22T10:34:34.401Z] ✅ Freight fetched for quantity 1 in 0.601s
[2025-06-22T10:34:36.912Z] ✅ Freight fetched for quantity 1 in 0.601s
[2025-06-22T10:34:38.578Z] ✅ Freight fetched for quantity 1 in 0.572s
[2025-06-22T10:34:41.809Z] ✅ Freight fetched for quantity 1 in 0.584s
[2025-06-22T10:34:43.738Z] ✅ Freight fetched for quantity 1 in 0.569s
[2025-06-22T10:34:45.526Z] ✅ Freight fetched for quantity 1 in 0.568s
[2025-06-22T10:35:20.584Z] ✅ Freight fetched for quantity 1 in 0.879s
[2025-06-22T10:35:22.607Z] ✅ Freight fetched for quantity 1 in 0.584s
[2025-06-22T10:35:24.536Z] ✅ Freight fetched for quantity 1 in 0.619s
[2025-06-22T10:35:27.418Z] ✅ Freight fetched for quantity 2 in 0.574s
[2025-06-22T10:35:29.874Z] ✅ Freight fetched for quantity 2 in 0.599s
[2025-06-22T10:35:31.874Z] ✅ Freight fetched for quantity 2 in 0.563s
[2025-06-22T10:35:33.588Z] ✅ Freight fetched for quantity 2 in 0.612s
[2025-06-22T10:37:33.695Z] ✅ Freight fetched for quantity 1 in 0.627s
[2025-06-22T10:39:10.708Z] ✅ Freight fetched for quantity 1 in 0.614s
[2025-06-22T10:40:20.836Z] ✅ Freight fetched for quantity 12 in 0.868s
[2025-06-22T10:40:24.212Z] ✅ Freight fetched for quantity 1 in 0.566s
[2025-06-22T10:40:33.325Z] ✅ Freight fetched for quantity 2 in 0.237s
[2025-06-22T10:40:35.630Z] ✅ Freight fetched for quantity 3 in 0.61s
[2025-06-22T10:40:37.413Z] ✅ Freight fetched for quantity 4 in 0.585s
[2025-06-22T10:40:39.230Z] ✅ Freight fetched for quantity 3 in 0.609s
[2025-06-22T10:40:53.348Z] ✅ Freight fetched for quantity 4 in 0.641s
[2025-06-22T10:40:54.709Z] ✅ Freight fetched for quantity 5 in 0.553s
[2025-06-22T10:40:56.498Z] ✅ Freight fetched for quantity 4 in 0.544s
[2025-06-22T10:41:11.311Z] ✅ Freight fetched for quantity 1 in 0.59s
[2025-06-22T10:41:16.900Z] ✅ Freight fetched for quantity 2 in 0.58s
[2025-06-22T10:41:38.595Z] ✅ Freight fetched for quantity 1 in 0.689s
[2025-06-22T10:41:42.401Z] ✅ Freight fetched for quantity 2 in 0.575s
[2025-06-22T10:43:42.998Z] ✅ Freight fetched for quantity 1 in 0.633s
[2025-06-22T10:43:49.754Z] ✅ Freight fetched for quantity 1 in 0.629s
[2025-06-22T10:43:50.015Z] ✅ Freight fetched for quantity 1 in 0.606s
[2025-06-22T10:43:54.246Z] ✅ Freight fetched for quantity 12 in 0.58s
[2025-06-22T10:44:23.683Z] ✅ Freight fetched for quantity 11 in 0.571s
[2025-06-22T10:44:46.608Z] ✅ Freight fetched for quantity 10 in 0.754s
[2025-06-22T10:44:48.602Z] ✅ Freight fetched for quantity 9 in 0.552s
[2025-06-22T10:45:01.868Z] ✅ Freight fetched for quantity 10 in 0.703s
[2025-06-22T10:45:04.354Z] ✅ Freight fetched for quantity 9 in 0.597s
[2025-06-22T10:45:06.193Z] ✅ Freight fetched for quantity 10 in 0.583s
[2025-06-22T10:45:07.319Z] ✅ Freight fetched for quantity 11 in 0.576s
[2025-06-22T10:45:08.426Z] ✅ Freight fetched for quantity 12 in 0.582s
[2025-06-22T10:45:08.914Z] ❌ Invalid quantity: 13
[2025-06-22T10:45:10.584Z] ❌ Invalid quantity: 14
[2025-06-22T10:45:11.192Z] ❌ Invalid quantity: 15
[2025-06-22T10:45:21.686Z] ❌ Invalid quantity: 14
[2025-06-22T10:45:23.280Z] ❌ Invalid quantity: 13
[2025-06-22T10:45:24.434Z] ✅ Freight fetched for quantity 12 in 0.596s
[2025-06-22T10:47:07.622Z] ✅ Freight fetched for quantity 11 in 0.708s
[2025-06-22T10:48:51.312Z] ✅ Freight fetched for quantity 1 in 0.696s
[2025-06-22T10:48:51.445Z] ✅ Freight fetched for quantity 1 in 0.616s
[2025-06-22T10:48:53.213Z] ✅ Freight fetched for quantity 2 in 0.665s
[2025-06-22T10:48:54.823Z] ✅ Freight fetched for quantity 3 in 0.582s
[2025-06-22T10:53:23.584Z] ✅ Freight fetched for quantity 1 in 0.628s
[2025-06-22T10:53:23.940Z] ✅ Freight fetched for quantity 1 in 1.879s
[2025-06-22T10:53:27.228Z] ✅ Freight fetched for quantity 1 in 0.576s
[2025-06-22T10:54:10.710Z] ✅ Freight fetched for quantity 1 in 0.283s
[2025-06-22T10:54:12.157Z] ✅ Freight fetched for quantity 1 in 1.283s
[2025-06-22T10:54:29.411Z] ✅ Freight fetched for quantity 1 in 0.318s
[2025-06-22T10:54:30.541Z] ✅ Freight fetched for quantity 1 in 0.269s
[2025-06-22T10:54:32.779Z] ✅ Freight fetched for quantity 1 in 0.281s
[2025-06-22T10:54:34.338Z] ✅ Freight fetched for quantity 1 in 0.289s
[2025-06-22T10:54:35.871Z] ✅ Freight fetched for quantity 1 in 0.264s
[2025-06-22T10:54:44.508Z] ✅ Freight fetched for quantity 2 in 0.291s
[2025-06-22T10:54:46.310Z] ✅ Freight fetched for quantity 1 in 0.282s
[2025-06-22T10:55:14.038Z] ✅ Freight fetched for quantity 2 in 0.383s
[2025-06-22T10:55:17.783Z] ✅ Freight fetched for quantity 1 in 0.283s
[2025-06-22T10:55:19.937Z] ✅ Freight fetched for quantity 2 in 0.297s
[2025-06-22T10:55:53.644Z] ✅ Freight fetched for quantity 1 in 0.322s
[2025-06-22T10:56:11.494Z] ✅ Freight fetched for quantity 1 in 0.314s
[2025-06-22T10:56:13.510Z] ✅ Freight fetched for quantity 1 in 0.32s
[2025-06-22T10:56:14.043Z] ✅ Freight fetched for quantity 1 in 0.305s
[2025-06-22T10:56:18.181Z] ✅ Freight fetched for quantity 1 in 0.33s
[2025-06-22T10:56:21.110Z] ✅ Freight fetched for quantity 1 in 0.286s
[2025-06-22T10:56:23.666Z] ✅ Freight fetched for quantity 1 in 0.279s
[2025-06-22T10:56:28.359Z] ✅ Freight fetched for quantity 2 in 0.3s
[2025-06-22T10:56:29.971Z] ✅ Freight fetched for quantity 1 in 0.291s
[2025-06-22T10:57:05.910Z] ✅ Freight fetched for quantity 1 in 0.379s
[2025-06-22T10:57:07.652Z] ✅ Freight fetched for quantity 1 in 0.327s
[2025-06-22T10:57:45.295Z] ✅ Freight fetched for quantity 1 in 0.676s
[2025-06-22T10:57:45.771Z] ✅ Freight fetched for quantity 1 in 0.648s
[2025-06-22T10:58:06.735Z] ✅ Freight fetched for quantity 1 in 0.292s
[2025-06-22T10:58:07.361Z] ✅ Freight fetched for quantity 1 in 0.298s
[2025-06-22T10:59:10.822Z] ✅ Freight fetched for quantity 1 in 0.945s
[2025-06-22T10:59:11.109Z] ✅ Freight fetched for quantity 1 in 0.6s
[2025-06-22T10:59:23.442Z] ✅ Freight fetched for quantity 1 in 0.638s
[2025-06-22T10:59:24.124Z] ✅ Freight fetched for quantity 1 in 0.591s
[2025-06-22T10:59:26.364Z] ✅ Freight fetched for quantity 1 in 0.64s
[2025-06-22T10:59:29.769Z] ✅ Freight fetched for quantity 1 in 0.639s
[2025-06-22T10:59:54.742Z] ✅ Freight fetched for quantity 1 in 0.628s
[2025-06-22T10:59:55.493Z] ✅ Freight fetched for quantity 1 in 0.62s
[2025-06-22T11:01:48.649Z] ✅ Freight fetched for quantity 1 in 0.731s
[2025-06-22T11:01:49.155Z] ✅ Freight fetched for quantity 1 in 0.601s
[2025-06-22T11:01:54.786Z] ✅ Freight fetched for quantity 1 in 0.607s
[2025-06-22T11:01:55.442Z] ✅ Freight fetched for quantity 1 in 0.627s
[2025-06-22T11:01:56.011Z] ✅ Freight fetched for quantity 1 in 0.602s
[2025-06-22T11:01:56.762Z] ✅ Freight fetched for quantity 1 in 0.572s
[2025-06-22T11:02:08.652Z] ✅ Freight fetched for quantity 1 in 0.659s
[2025-06-22T11:02:09.290Z] ✅ Freight fetched for quantity 1 in 0.588s
[2025-06-22T11:02:18.587Z] ✅ Freight fetched for quantity 1 in 0.654s
[2025-06-22T11:02:19.006Z] ✅ Freight fetched for quantity 1 in 0.564s
[2025-06-22T11:02:26.460Z] ✅ Freight fetched for quantity 1 in 0.841s
[2025-06-22T11:02:26.846Z] ✅ Freight fetched for quantity 1 in 0.632s
[2025-06-22T11:02:28.666Z] ✅ Freight fetched for quantity 1 in 0.585s
[2025-06-22T11:02:31.815Z] ✅ Freight fetched for quantity 1 in 1.558s
[2025-06-22T11:02:34.937Z] ✅ Freight fetched for quantity 1 in 0.575s
[2025-06-22T11:02:36.884Z] ✅ Freight fetched for quantity 1 in 0.647s
[2025-06-22T11:02:39.024Z] ✅ Freight fetched for quantity 1 in 0.607s
[2025-06-22T11:04:32.801Z] ✅ Freight fetched for quantity 1 in 1.017s
[2025-06-22T11:04:33.256Z] ✅ Freight fetched for quantity 1 in 0.633s
[2025-06-22T11:04:35.058Z] ✅ Freight fetched for quantity 1 in 0.639s
[2025-06-22T11:04:37.342Z] ✅ Freight fetched for quantity 1 in 0.667s
[2025-06-22T11:04:38.313Z] ✅ Freight fetched for quantity 1 in 0.597s
[2025-06-22T11:04:38.698Z] ✅ Freight fetched for quantity 1 in 0.619s
[2025-06-22T11:05:06.882Z] ✅ Freight fetched for quantity 1 in 0.625s
[2025-06-22T11:05:07.485Z] ✅ Freight fetched for quantity 1 in 0.617s
[2025-06-22T11:13:17.519Z] ✅ Freight fetched for quantity 1 in 0.859s
[2025-06-22T11:13:17.854Z] ✅ Freight fetched for quantity 1 in 0.807s
[2025-06-22T11:15:33.345Z] ✅ Freight fetched for quantity 1 in 0.763s
[2025-06-22T11:15:33.874Z] ✅ Freight fetched for quantity 1 in 0.58s
[2025-06-22T11:17:58.151Z] ✅ Freight fetched for quantity 1 in 0.655s
[2025-06-22T11:17:58.519Z] ✅ Freight fetched for quantity 1 in 0.632s
[2025-06-22T11:28:06.419Z] ✅ Freight fetched for quantity 1 in 0.937s
[2025-06-22T11:28:06.943Z] ✅ Freight fetched for quantity 1 in 0.609s
[2025-06-22T11:31:01.879Z] ✅ Freight fetched for quantity 1 in 0.651s
[2025-06-22T11:31:02.842Z] ✅ Freight fetched for quantity 1 in 0.611s
[2025-06-22T11:42:27.998Z] ✅ Freight fetched for quantity 1 in 1.1s
[2025-06-22T11:42:28.182Z] ✅ Freight fetched for quantity 1 in 0.606s
[2025-06-22T11:42:41.946Z] ✅ Freight fetched for quantity 1 in 0.633s
[2025-06-22T11:42:42.676Z] ✅ Freight fetched for quantity 1 in 0.586s
[2025-06-22T11:43:12.207Z] ✅ Freight fetched for quantity 1 in 0.618s
[2025-06-22T11:43:13.446Z] ✅ Freight fetched for quantity 1 in 0.598s
[2025-06-22T11:46:56.175Z] ✅ Freight fetched for quantity 1 in 0.812s
[2025-06-22T11:46:56.832Z] ✅ Freight fetched for quantity 1 in 0.602s
[2025-06-22T11:49:02.167Z] ✅ Freight fetched for quantity 1 in 0.843s
[2025-06-22T11:49:02.605Z] ✅ Freight fetched for quantity 1 in 0.61s
[2025-06-22T11:49:08.505Z] ✅ Freight fetched for quantity 2 in 0.618s
[2025-06-22T11:49:09.850Z] ✅ Freight fetched for quantity 3 in 0.636s
[2025-06-22T11:49:10.894Z] ✅ Freight fetched for quantity 4 in 0.585s
[2025-06-22T11:49:11.980Z] ✅ Freight fetched for quantity 5 in 0.605s
[2025-06-22T11:49:13.035Z] ✅ Freight fetched for quantity 6 in 0.602s
[2025-06-22T11:49:14.527Z] ✅ Freight fetched for quantity 7 in 0.833s
[2025-06-22T11:49:17.408Z] ✅ Freight fetched for quantity 8 in 0.657s
[2025-06-22T11:49:18.680Z] ✅ Freight fetched for quantity 9 in 0.645s
[2025-06-22T11:49:20.031Z] ✅ Freight fetched for quantity 10 in 0.598s
[2025-06-22T11:49:21.411Z] ✅ Freight fetched for quantity 11 in 0.626s
[2025-06-22T11:49:22.942Z] ✅ Freight fetched for quantity 12 in 0.647s
[2025-06-22T11:49:29.508Z] ✅ Freight fetched for quantity 1 in 0.595s
[2025-06-22T11:57:55.151Z] ✅ Freight fetched for quantity 1 in 0.879s
[2025-06-22T11:57:55.284Z] ✅ Freight fetched for quantity 1 in 0.598s
[2025-06-22T12:03:13.681Z] ❌ Missing POST param: sku_id
[2025-06-22T12:03:13.698Z] ❌ Missing POST param: sku_id
[2025-06-22T12:03:14.591Z] ❌ Missing POST param: sku_id
[2025-06-22T12:03:14.606Z] ❌ Missing POST param: sku_id
[2025-06-22T12:03:25.860Z] ✅ Freight fetched for quantity 1 in 0.919s
[2025-06-22T12:03:28.257Z] ✅ Freight fetched for quantity 1 in 0.608s
[2025-06-22T12:07:59.906Z] ✅ Freight fetched for quantity 1 in 0.78s
[2025-06-22T12:08:00.389Z] ✅ Freight fetched for quantity 1 in 0.633s
[2025-06-22T12:08:27.365Z] ✅ Freight fetched for quantity 1 in 0.6s
[2025-06-22T12:08:27.868Z] ✅ Freight fetched for quantity 1 in 0.601s
[2025-06-22T12:09:24.197Z] ✅ Freight fetched for quantity 1 in 0.636s
[2025-06-22T12:09:24.700Z] ✅ Freight fetched for quantity 1 in 0.6s
[2025-06-22T12:10:00.755Z] ✅ Freight fetched for quantity 1 in 0.594s
[2025-06-22T12:10:02.101Z] ✅ Freight fetched for quantity 1 in 0.63s
[2025-06-22T12:10:02.621Z] ✅ Freight fetched for quantity 1 in 0.606s
[2025-06-22T12:11:49.852Z] ✅ Freight fetched for quantity 1 in 0.848s
[2025-06-22T12:11:51.241Z] ✅ Freight fetched for quantity 1 in 0.62s
[2025-06-22T12:11:51.681Z] ✅ Freight fetched for quantity 1 in 0.589s
[2025-06-22T12:13:02.519Z] ✅ Freight fetched for quantity 1 in 0.729s
[2025-06-22T12:13:07.091Z] ✅ Freight fetched for quantity 1 in 0.735s
[2025-06-22T12:20:27.279Z] ✅ Freight fetched for quantity 1 in 0.926s
[2025-06-22T12:20:27.439Z] ✅ Freight fetched for quantity 1 in 0.6s
[2025-06-23T11:26:45.016Z] ✅ Freight fetched for quantity 1 in 1.014s
[2025-06-23T11:26:45.040Z] ✅ Freight fetched for quantity 1 in 0.765s
[2025-06-23T11:27:09.172Z] ✅ Freight fetched for quantity 1 in 0.629s
[2025-06-23T11:27:10.318Z] ✅ Freight fetched for quantity 1 in 0.64s
[2025-06-23T11:27:13.432Z] ✅ Freight fetched for quantity 1 in 0.602s
[2025-06-23T11:27:15.337Z] ✅ Freight fetched for quantity 1 in 0.764s
[2025-06-23T11:27:17.089Z] ✅ Freight fetched for quantity 2 in 0.67s
[2025-06-23T11:27:18.286Z] ✅ Freight fetched for quantity 3 in 0.607s
[2025-06-23T15:56:24.965Z] ✅ Freight fetched for quantity 1 in 0.691s
[2025-06-23T15:56:24.969Z] ✅ Freight fetched for quantity 1 in 0.899s
[2025-06-23T21:45:06.715Z] ✅ Freight fetched for quantity 1 in 1.487s
[2025-06-23T21:45:06.721Z] ✅ Freight fetched for quantity 1 in 1.718s
[2025-06-23T22:17:03.007Z] ✅ Freight fetched for quantity 1 in 0.89s
[2025-06-23T22:17:03.011Z] ✅ Freight fetched for quantity 1 in 0.727s
[2025-06-23T22:17:11.224Z] ✅ Freight fetched for quantity 1 in 0.631s
[2025-06-23T22:17:11.388Z] ✅ Freight fetched for quantity 1 in 0.645s
[2025-06-23T22:17:17.706Z] ✅ Freight fetched for quantity 2 in 0.619s
[2025-06-23T22:17:18.891Z] ✅ Freight fetched for quantity 3 in 0.627s
[2025-06-23T22:18:45.535Z] ✅ Freight fetched for quantity 1 in 0.63s
[2025-06-23T22:18:45.682Z] ✅ Freight fetched for quantity 1 in 0.605s
[2025-06-23T22:19:22.626Z] ✅ Freight fetched for quantity 1 in 0.414s
[2025-06-23T22:19:22.697Z] ✅ Freight fetched for quantity 1 in 0.257s
[2025-06-24T18:39:36.338Z] ✅ Freight fetched for quantity 1 in 0.405s
[2025-06-24T18:39:36.343Z] ✅ Freight fetched for quantity 1 in 0.614s
[2025-06-24T18:39:44.790Z] ✅ Freight fetched for quantity 1 in 0.261s
[2025-06-24T18:39:44.901Z] ✅ Freight fetched for quantity 1 in 0.275s
[2025-06-24T18:39:52.819Z] ✅ Freight fetched for quantity 1 in 0.65s
[2025-06-24T18:39:52.906Z] ✅ Freight fetched for quantity 1 in 0.553s
[2025-06-24T18:40:01.155Z] ✅ Freight fetched for quantity 2 in 0.642s
[2025-06-24T18:40:04.058Z] ✅ Freight fetched for quantity 3 in 0.578s
[2025-06-24T18:40:06.317Z] ✅ Freight fetched for quantity 4 in 0.578s
[2025-06-24T18:40:21.899Z] ✅ Freight fetched for quantity 3 in 0.686s
[2025-06-24T18:41:03.689Z] ✅ Freight fetched for quantity 1 in 0.313s
[2025-06-24T18:41:03.866Z] ✅ Freight fetched for quantity 1 in 0.262s
[2025-06-24T18:48:58.740Z] ✅ Freight fetched for quantity 1 in 0.594s
[2025-06-24T18:48:59.257Z] ✅ Freight fetched for quantity 1 in 0.598s
[2025-06-24T18:49:10.046Z] ✅ Freight fetched for quantity 2 in 0.609s
[2025-06-24T18:49:52.464Z] ✅ Freight fetched for quantity 1 in 0.533s
[2025-06-24T18:49:52.747Z] ✅ Freight fetched for quantity 1 in 0.603s
[2025-06-25T09:23:03.552Z] ✅ Freight fetched for quantity 1 in 1.088s
[2025-06-25T09:23:03.705Z] ✅ Freight fetched for quantity 1 in 1.424s
[2025-06-25T09:23:18.373Z] ✅ Freight fetched for quantity 1 in 0.614s
[2025-06-25T09:23:18.702Z] ✅ Freight fetched for quantity 1 in 0.566s
[2025-06-25T09:23:38.535Z] ✅ Freight fetched for quantity 1 in 0.275s
[2025-06-25T09:23:38.831Z] ✅ Freight fetched for quantity 1 in 0.281s
[2025-06-25T09:23:44.849Z] ✅ Freight fetched for quantity 2 in 0.262s
[2025-06-25T09:23:45.889Z] ✅ Freight fetched for quantity 3 in 0.29s
[2025-06-25T09:23:46.721Z] ✅ Freight fetched for quantity 4 in 0.273s
[2025-06-25T09:25:37.442Z] ✅ Freight fetched for quantity 1 in 0.39s
[2025-06-25T09:25:37.876Z] ✅ Freight fetched for quantity 1 in 0.317s
[2025-06-25T09:28:29.680Z] ✅ Freight fetched for quantity 1 in 0.298s
[2025-06-25T09:28:29.686Z] ✅ Freight fetched for quantity 1 in 0.55s
[2025-06-25T09:29:07.018Z] ✅ Freight fetched for quantity 1 in 0.306s
[2025-06-25T09:29:07.219Z] ✅ Freight fetched for quantity 1 in 0.261s
[2025-06-25T09:29:15.730Z] ✅ Freight fetched for quantity 1 in 0.282s
[2025-06-25T09:29:15.952Z] ✅ Freight fetched for quantity 1 in 0.298s
[2025-06-25T09:30:55.477Z] ✅ Freight fetched for quantity 1 in 0.338s
[2025-06-25T09:30:56.332Z] ✅ Freight fetched for quantity 1 in 0.348s
[2025-06-25T09:32:36.217Z] ✅ Freight fetched for quantity 1 in 0.697s
[2025-06-25T09:33:33.704Z] ✅ Freight fetched for quantity 1 in 0.336s
[2025-06-25T09:33:33.930Z] ✅ Freight fetched for quantity 1 in 0.265s
[2025-06-25T09:33:49.090Z] ✅ Freight fetched for quantity 12 in 0.268s
[2025-06-25T09:37:11.159Z] ✅ Freight fetched for quantity 1 in 0.589s
[2025-06-25T09:37:15.983Z] ✅ Freight fetched for quantity 1 in 0.585s
[2025-06-25T09:37:21.961Z] ✅ Freight fetched for quantity 1 in 0.945s
[2025-06-25T09:37:21.971Z] ✅ Freight fetched for quantity 1 in 0.632s
[2025-06-25T09:37:32.299Z] ✅ Freight fetched for quantity 1 in 0.606s
[2025-06-25T09:37:38.518Z] ✅ Freight fetched for quantity 1 in 0.576s
[2025-06-25T09:45:33.778Z] ✅ Freight fetched for quantity 1 in 1.451s
[2025-06-25T09:45:34.081Z] ✅ Freight fetched for quantity 1 in 1.922s
[2025-06-25T09:50:03.444Z] ✅ Freight fetched for quantity 1 in 0.686s
[2025-06-25T09:50:05.449Z] ✅ Freight fetched for quantity 1 in 0.842s
[2025-06-25T09:50:38.450Z] ✅ Freight fetched for quantity 1 in 0.692s
[2025-06-25T09:50:39.032Z] ✅ Freight fetched for quantity 1 in 0.673s
[2025-06-25T09:51:02.557Z] ✅ Freight fetched for quantity 12 in 0.98s
[2025-06-25T09:56:28.215Z] ✅ Freight fetched for quantity 1 in 0.71s
[2025-06-25T09:58:35.489Z] ✅ Freight fetched for quantity 1 in 0.664s
[2025-06-25T09:58:35.811Z] ✅ Freight fetched for quantity 1 in 0.677s
[2025-06-25T09:59:55.629Z] ✅ Freight fetched for quantity 1 in 0.669s
[2025-06-25T09:59:56.356Z] ✅ Freight fetched for quantity 1 in 1.045s
[2025-06-25T10:00:18.686Z] ✅ Freight fetched for quantity 1 in 0.952s
[2025-06-25T10:00:18.688Z] ✅ Freight fetched for quantity 1 in 0.599s
[2025-06-25T10:21:17.939Z] ✅ Freight fetched for quantity 1 in 0.708s
[2025-06-25T10:21:20.403Z] ✅ Freight fetched for quantity 1 in 2.012s
[2025-06-25T10:21:46.600Z] ✅ Freight fetched for quantity 1 in 1.087s
[2025-06-25T10:21:48.764Z] ✅ Freight fetched for quantity 1 in 0.679s
[2025-06-25T10:23:14.023Z] ✅ Freight fetched for quantity 1 in 1.368s
[2025-06-25T10:23:15.330Z] ✅ Freight fetched for quantity 1 in 1.75s
[2025-06-25T10:23:16.640Z] ✅ Freight fetched for quantity 3 in 1.21s
[2025-06-25T10:23:17.133Z] ✅ Freight fetched for quantity 2 in 2.05s
[2025-06-25T10:23:19.069Z] ✅ Freight fetched for quantity 4 in 1.602s
[2025-06-25T10:24:04.055Z] ✅ Freight fetched for quantity 1 in 0.909s
[2025-06-25T10:24:08.418Z] ✅ Freight fetched for quantity 1 in 0.883s
[2025-06-25T10:27:14.115Z] ✅ Freight fetched for quantity 1 in 0.793s
[2025-06-25T10:27:15.347Z] ✅ Freight fetched for quantity 1 in 0.623s
[2025-06-25T10:27:44.972Z] ✅ Freight fetched for quantity 1 in 0.912s
[2025-06-25T10:27:45.526Z] ✅ Freight fetched for quantity 1 in 0.624s
[2025-06-25T10:27:58.339Z] ✅ Freight fetched for quantity 1 in 0.601s
[2025-06-25T10:27:58.759Z] ✅ Freight fetched for quantity 1 in 0.552s
[2025-06-25T10:28:17.004Z] ✅ Freight fetched for quantity 1 in 1.014s
[2025-06-25T10:28:17.727Z] ✅ Freight fetched for quantity 1 in 0.553s
[2025-06-25T10:28:19.630Z] ✅ Freight fetched for quantity 2 in 0.583s
[2025-06-25T10:28:22.496Z] ✅ Freight fetched for quantity 3 in 1.509s
[2025-06-25T10:44:38.911Z] ✅ Freight fetched for quantity 1 in 0.574s
[2025-06-25T10:44:39.129Z] ✅ Freight fetched for quantity 1 in 1.02s
[2025-06-25T10:44:40.796Z] ✅ Freight fetched for quantity 1 in 0.26s
[2025-06-25T10:44:42.586Z] ✅ Freight fetched for quantity 1 in 2.939s
[2025-06-25T10:45:00.485Z] ✅ Freight fetched for quantity 1 in 0.579s
[2025-06-25T10:45:02.277Z] ✅ Freight fetched for quantity 1 in 1.55s
[2025-06-25T10:48:15.068Z] ✅ Freight fetched for quantity 1 in 0.964s
[2025-06-25T10:48:15.099Z] ✅ Freight fetched for quantity 1 in 0.629s
[2025-06-25T10:48:30.886Z] ✅ Freight fetched for quantity 1 in 0.598s
[2025-06-25T10:48:32.013Z] ✅ Freight fetched for quantity 1 in 0.545s
[2025-06-25T10:48:37.183Z] ✅ Freight fetched for quantity 1 in 0.604s
[2025-06-25T10:48:39.200Z] ✅ Freight fetched for quantity 1 in 1.703s
[2025-06-25T10:48:46.083Z] ✅ Freight fetched for quantity 1 in 0.653s
[2025-06-25T10:50:01.231Z] ✅ Freight fetched for quantity 1 in 0.629s
[2025-06-25T10:51:19.214Z] ✅ Freight fetched for quantity 1 in 0.615s
[2025-06-25T10:51:19.881Z] ✅ Freight fetched for quantity 1 in 0.683s
[2025-06-25T10:51:27.393Z] ✅ Freight fetched for quantity 1 in 0.616s
[2025-06-25T10:51:28.423Z] ✅ Freight fetched for quantity 1 in 0.789s
[2025-06-25T10:52:08.148Z] ✅ Freight fetched for quantity 1 in 0.844s
[2025-06-25T10:52:08.912Z] ✅ Freight fetched for quantity 1 in 0.59s
[2025-06-25T10:52:24.435Z] ✅ Freight fetched for quantity 1 in 0.663s
[2025-06-25T10:52:27.207Z] ✅ Freight fetched for quantity 1 in 2.458s
[2025-06-25T10:53:53.287Z] ✅ Freight fetched for quantity 1 in 0.892s
[2025-06-25T10:53:57.008Z] ✅ Freight fetched for quantity 1 in 1.596s
[2025-06-25T10:53:58.415Z] ✅ Freight fetched for quantity 1 in 2.037s
[2025-06-25T11:05:19.368Z] ✅ Freight fetched for quantity 1 in 1.088s
[2025-06-25T11:05:19.551Z] ✅ Freight fetched for quantity 1 in 0.886s
[2025-06-25T11:05:19.814Z] ✅ Freight fetched for quantity 1 in 0.822s
[2025-06-25T11:05:19.821Z] ✅ Freight fetched for quantity 1 in 0.782s
[2025-06-25T11:05:30.055Z] ✅ Freight fetched for quantity 1 in 0.619s
[2025-06-25T11:05:30.371Z] ✅ Freight fetched for quantity 1 in 0.601s
[2025-06-25T11:07:59.338Z] ✅ Freight fetched for quantity 1 in 0.795s
[2025-06-25T11:07:59.672Z] ✅ Freight fetched for quantity 1 in 0.706s
[2025-06-25T11:08:04.128Z] ✅ Freight fetched for quantity 1 in 0.642s
[2025-06-25T11:08:04.991Z] ✅ Freight fetched for quantity 1 in 0.89s
[2025-06-25T11:08:05.371Z] ✅ Freight fetched for quantity 1 in 0.696s
[2025-06-25T11:08:05.915Z] ✅ Freight fetched for quantity 1 in 0.709s
[2025-06-25T11:19:17.617Z] ✅ Freight fetched for quantity 1 in 0.824s
[2025-06-25T11:19:18.515Z] ✅ Freight fetched for quantity 1 in 1.254s
[2025-06-25T11:22:09.111Z] ✅ Freight fetched for quantity 1 in 0.592s
[2025-06-25T11:22:09.318Z] ✅ Freight fetched for quantity 1 in 0.569s
[2025-06-25T11:22:37.340Z] ✅ Freight fetched for quantity 1 in 1.055s
[2025-06-25T11:22:37.498Z] ✅ Freight fetched for quantity 1 in 1.053s
[2025-06-25T11:22:50.102Z] ✅ Freight fetched for quantity 1 in 1.424s
[2025-06-25T11:22:50.501Z] ✅ Freight fetched for quantity 1 in 1.313s
[2025-06-25T11:22:58.916Z] ✅ Freight fetched for quantity 1 in 0.695s
[2025-06-25T11:22:59.617Z] ✅ Freight fetched for quantity 1 in 0.878s
[2025-06-25T11:23:06.010Z] ✅ Freight fetched for quantity 1 in 0.631s
[2025-06-25T11:23:06.561Z] ✅ Freight fetched for quantity 1 in 0.608s
[2025-06-25T11:23:10.022Z] ✅ Freight fetched for quantity 1 in 1.24s
[2025-06-25T11:23:10.120Z] ✅ Freight fetched for quantity 1 in 1.873s
[2025-06-25T11:23:12.289Z] ✅ Freight fetched for quantity 1 in 1.271s
[2025-06-25T11:23:13.832Z] ✅ Freight fetched for quantity 1 in 1.298s
[2025-06-25T11:23:26.810Z] ✅ Freight fetched for quantity 1 in 0.612s
[2025-06-25T11:23:43.794Z] ✅ Freight fetched for quantity 1 in 1.037s
[2025-06-25T11:23:44.535Z] ✅ Freight fetched for quantity 1 in 0.953s
[2025-06-25T11:23:53.759Z] ✅ Freight fetched for quantity 1 in 0.681s
[2025-06-25T11:23:55.241Z] ✅ Freight fetched for quantity 1 in 0.586s
[2025-06-25T11:38:04.210Z] ✅ Freight fetched for quantity 1 in 0.813s
[2025-06-25T11:38:04.394Z] ✅ Freight fetched for quantity 1 in 0.629s
[2025-06-25T11:38:10.599Z] ✅ Freight fetched for quantity 1 in 0.627s
[2025-06-25T11:38:11.170Z] ✅ Freight fetched for quantity 1 in 0.666s
[2025-06-25T11:38:17.277Z] ✅ Freight fetched for quantity 1 in 0.654s
[2025-06-25T11:38:18.125Z] ✅ Freight fetched for quantity 1 in 0.656s
[2025-06-25T11:38:18.958Z] ✅ Freight fetched for quantity 1 in 0.789s
[2025-06-25T11:38:19.892Z] ✅ Freight fetched for quantity 1 in 0.629s
[2025-06-25T11:38:56.255Z] ✅ Freight fetched for quantity 1 in 1.171s
[2025-06-25T11:38:58.205Z] ✅ Freight fetched for quantity 1 in 1.023s
[2025-06-25T11:39:13.478Z] ✅ Freight fetched for quantity 1 in 0.675s
[2025-06-25T11:40:57.636Z] ✅ Freight fetched for quantity 1 in 1.41s
[2025-06-25T11:40:58.607Z] ✅ Freight fetched for quantity 1 in 1.311s
[2025-06-25T11:40:58.651Z] ✅ Freight fetched for quantity 1 in 1.35s
[2025-06-25T11:41:01.128Z] ✅ Freight fetched for quantity 1 in 1.363s
[2025-06-25T11:41:02.568Z] ✅ Freight fetched for quantity 1 in 1.282s
[2025-06-25T11:53:27.140Z] ✅ Freight fetched for quantity 1 in 0.779s
[2025-06-25T11:53:27.794Z] ✅ Freight fetched for quantity 1 in 1.131s
[2025-06-25T11:53:36.031Z] ✅ Freight fetched for quantity 1 in 0.377s
[2025-06-25T11:54:02.575Z] ✅ Freight fetched for quantity 1 in 0.803s
[2025-06-25T11:55:19.613Z] ✅ Freight fetched for quantity 1 in 0.641s
[2025-06-25T11:55:20.670Z] ✅ Freight fetched for quantity 1 in 0.267s
[2025-06-25T11:55:21.501Z] ✅ Freight fetched for quantity 1 in 0.602s
[2025-06-25T11:55:22.106Z] ✅ Freight fetched for quantity 1 in 0.624s
[2025-06-25T11:56:10.908Z] ✅ Freight fetched for quantity 1 in 0.687s
[2025-06-25T11:56:11.735Z] ✅ Freight fetched for quantity 1 in 0.882s
[2025-06-25T11:56:12.719Z] ✅ Freight fetched for quantity 1 in 0.585s
[2025-06-25T11:56:14.150Z] ✅ Freight fetched for quantity 1 in 0.619s
[2025-06-25T11:56:15.237Z] ✅ Freight fetched for quantity 1 in 0.744s
[2025-06-25T11:56:16.233Z] ✅ Freight fetched for quantity 1 in 0.634s
[2025-06-25T11:56:17.125Z] ✅ Freight fetched for quantity 1 in 0.663s
[2025-06-25T11:56:18.504Z] ✅ Freight fetched for quantity 1 in 0.65s
[2025-06-25T11:56:20.880Z] ✅ Freight fetched for quantity 1 in 0.657s
[2025-06-25T11:56:21.700Z] ✅ Freight fetched for quantity 1 in 0.629s
[2025-06-25T11:56:22.741Z] ✅ Freight fetched for quantity 1 in 0.587s
[2025-06-25T15:57:35.029Z] ✅ Freight fetched for quantity 1 in 1.001s
[2025-06-25T15:57:35.037Z] ✅ Freight fetched for quantity 1 in 0.836s
[2025-06-25T15:59:53.020Z] ✅ Freight fetched for quantity 1 in 0.774s
[2025-06-25T15:59:53.114Z] ✅ Freight fetched for quantity 1 in 0.585s
[2025-06-25T16:49:33.053Z] ✅ Freight fetched for quantity 1 in 1.239s
[2025-06-25T16:49:33.060Z] ✅ Freight fetched for quantity 1 in 1.116s
[2025-06-25T16:50:15.322Z] ✅ Freight fetched for quantity 1 in 0.602s
[2025-06-25T16:50:15.649Z] ✅ Freight fetched for quantity 1 in 0.637s
[2025-06-25T16:51:52.656Z] ✅ Freight fetched for quantity 1 in 0.665s
[2025-06-25T16:51:53.391Z] ✅ Freight fetched for quantity 1 in 0.886s
[2025-06-25T16:52:43.810Z] ✅ Freight fetched for quantity 1 in 0.627s
[2025-06-25T16:52:43.899Z] ✅ Freight fetched for quantity 1 in 0.821s
[2025-06-25T17:05:05.753Z] ✅ Freight fetched for quantity 1 in 0.905s
[2025-06-25T17:05:05.876Z] ✅ Freight fetched for quantity 1 in 0.673s
[2025-06-25T17:23:58.486Z] ✅ Freight fetched for quantity 1 in 0.825s
[2025-06-25T17:23:58.504Z] ✅ Freight fetched for quantity 1 in 0.66s
[2025-06-25T17:24:07.725Z] ✅ Freight fetched for quantity 1 in 0.618s
[2025-06-25T17:24:08.765Z] ✅ Freight fetched for quantity 1 in 0.649s
[2025-06-25T17:24:09.440Z] ✅ Freight fetched for quantity 1 in 0.611s
[2025-06-25T17:24:13.188Z] ✅ Freight fetched for quantity 1 in 0.589s
[2025-06-25T17:24:13.214Z] ✅ Freight fetched for quantity 1 in 0.768s
[2025-06-25T17:24:45.457Z] ✅ Freight fetched for quantity 1 in 0.629s
[2025-06-25T17:24:45.607Z] ✅ Freight fetched for quantity 1 in 0.568s
[2025-06-25T17:24:53.177Z] ✅ Freight fetched for quantity 1 in 0.587s
[2025-06-25T17:24:53.382Z] ✅ Freight fetched for quantity 1 in 0.602s
[2025-06-25T17:24:59.513Z] ✅ Freight fetched for quantity 1 in 0.598s
[2025-06-25T17:24:59.730Z] ✅ Freight fetched for quantity 1 in 0.617s
[2025-06-25T17:25:04.691Z] ✅ Freight fetched for quantity 1 in 0.656s
[2025-06-25T17:25:05.224Z] ✅ Freight fetched for quantity 1 in 0.614s
[2025-06-25T17:25:47.452Z] ✅ Freight fetched for quantity 1 in 0.618s
[2025-06-25T17:25:47.655Z] ✅ Freight fetched for quantity 1 in 0.616s
[2025-06-25T17:29:20.142Z] ✅ Freight fetched for quantity 1 in 0.849s
[2025-06-25T17:29:20.146Z] ✅ Freight fetched for quantity 1 in 0.732s
[2025-06-25T17:29:24.742Z] ✅ Freight fetched for quantity 1 in 0.616s
[2025-06-25T17:29:24.985Z] ✅ Freight fetched for quantity 1 in 0.59s
[2025-06-25T17:30:05.771Z] ✅ Freight fetched for quantity 1 in 0.731s
[2025-06-25T17:30:06.372Z] ✅ Freight fetched for quantity 1 in 0.646s
[2025-06-25T17:30:15.295Z] ✅ Freight fetched for quantity 1 in 0.636s
[2025-06-25T17:30:15.418Z] ✅ Freight fetched for quantity 1 in 0.598s
[2025-06-25T17:30:27.331Z] ✅ Freight fetched for quantity 1 in 0.913s
[2025-06-25T17:30:27.547Z] ✅ Freight fetched for quantity 1 in 0.911s
[2025-06-25T17:30:38.667Z] ✅ Freight fetched for quantity 1 in 0.621s
[2025-06-25T17:36:17.394Z] ✅ Freight fetched for quantity 1 in 1.2s
[2025-06-25T17:36:17.396Z] ✅ Freight fetched for quantity 1 in 1.322s
[2025-06-27T00:11:03.423Z] ✅ Freight fetched for quantity 1 in 1.313s
[2025-06-27T00:11:03.430Z] ✅ Freight fetched for quantity 1 in 1.052s
[2025-06-27T00:11:22.921Z] ✅ Freight fetched for quantity 1 in 1.015s
[2025-06-27T00:11:22.993Z] ✅ Freight fetched for quantity 1 in 0.609s
[2025-06-27T00:12:32.996Z] ✅ Freight fetched for quantity 1 in 0.904s
[2025-06-27T00:12:33.564Z] ✅ Freight fetched for quantity 1 in 0.642s
[2025-06-27T00:16:47.539Z] ✅ Freight fetched for quantity 1 in 0.77s
[2025-06-27T00:16:47.551Z] ✅ Freight fetched for quantity 1 in 1.285s
[2025-06-27T00:16:55.735Z] ✅ Freight fetched for quantity 2 in 0.59s
[2025-06-27T00:17:03.689Z] ✅ Freight fetched for quantity 2 in 0.616s
[2025-06-27T00:17:04.093Z] ✅ Freight fetched for quantity 1 in 0.556s
[2025-06-27T00:20:28.659Z] ✅ Freight fetched for quantity 1 in 0.657s
[2025-06-27T00:20:33.966Z] ✅ Freight fetched for quantity 1 in 0.588s
[2025-06-27T16:05:27.890Z] ✅ Freight fetched for quantity 1 in 0.777s
[2025-06-27T16:05:29.890Z] ✅ Freight fetched for quantity 1 in 0.586s
[2025-06-27T16:05:36.363Z] ✅ Freight fetched for quantity 1 in 0.622s
[2025-06-27T16:05:37.730Z] ✅ Freight fetched for quantity 1 in 0.596s
[2025-06-27T16:05:52.449Z] ✅ Freight fetched for quantity 1 in 0.601s
[2025-06-27T16:05:53.614Z] ✅ Freight fetched for quantity 1 in 0.632s
[2025-06-27T16:05:54.724Z] ✅ Freight fetched for quantity 2 in 0.584s
[2025-06-27T16:05:55.729Z] ✅ Freight fetched for quantity 3 in 0.549s
[2025-06-27T16:06:01.449Z] ✅ Freight fetched for quantity 1 in 0.587s
[2025-06-27T16:06:02.362Z] ✅ Freight fetched for quantity 1 in 0.592s
[2025-06-27T17:04:21.628Z] ✅ Freight fetched for quantity 1 in 0.711s
[2025-06-27T17:04:21.635Z] ✅ Freight fetched for quantity 1 in 0.957s
[2025-06-27T17:09:17.343Z] ✅ Freight fetched for quantity 1 in 0.616s
[2025-06-27T17:09:17.687Z] ✅ Freight fetched for quantity 1 in 0.613s
[2025-06-27T17:09:23.963Z] ✅ Freight fetched for quantity 1 in 0.596s
[2025-06-27T17:09:24.414Z] ✅ Freight fetched for quantity 1 in 0.554s
[2025-06-27T17:09:50.515Z] ✅ Freight fetched for quantity 1 in 0.658s
[2025-06-27T17:09:50.853Z] ✅ Freight fetched for quantity 1 in 0.604s
[2025-06-27T17:10:15.800Z] ✅ Freight fetched for quantity 1 in 0.6s
[2025-06-27T17:10:16.256Z] ✅ Freight fetched for quantity 1 in 0.608s
[2025-06-27T17:10:38.357Z] ✅ Freight fetched for quantity 1 in 0.687s
[2025-06-27T17:10:38.995Z] ✅ Freight fetched for quantity 1 in 0.615s
[2025-06-27T17:23:19.918Z] ✅ Freight fetched for quantity 1 in 1.787s
[2025-06-27T17:23:20.751Z] ✅ Freight fetched for quantity 1 in 2.371s
[2025-06-27T17:31:53.123Z] ✅ Freight fetched for quantity 1 in 0.714s
[2025-06-27T17:31:53.131Z] ✅ Freight fetched for quantity 1 in 0.914s
[2025-06-27T17:31:55.154Z] ✅ Freight fetched for quantity 1 in 0.613s
[2025-06-27T17:31:56.416Z] ✅ Freight fetched for quantity 1 in 0.644s
[2025-06-27T17:31:58.924Z] ✅ Freight fetched for quantity 2 in 0.836s
[2025-06-30T01:25:48.769Z] ✅ Freight fetched for quantity 1 in 0.865s
[2025-06-30T01:25:48.771Z] ✅ Freight fetched for quantity 1 in 0.987s
[2025-06-30T01:25:51.481Z] ✅ Freight fetched for quantity 1 in 0.584s
[2025-06-30T01:25:52.246Z] ✅ Freight fetched for quantity 1 in 0.592s
